        :-) GROMACS - gmx mdrun, 2020.2-dev-20200430-5e78835-unknown (-:

                            GROMACS is written by:
     Emile Apol      Rossen Apostolov      Paul Bauer     Herman J.C. Berendsen
    Par Bjelkmar      Christian Blau   Viacheslav Bolnykh     Kevin Boyd    
 Aldert van Buuren   Rudi van Drunen     Anton Feenstra       Alan Gray     
  Gerrit Groenhof     Anca Hamuraru    Vincent Hindriksen  M. Eric Irrgang  
  Aleksei Iupinov   Christoph Junghans     Joe Jordan     Dimitrios Karkoulis
    Peter Kasson        Jiri Kraus      Carsten Kutzner      Per Larsson    
  Justin A. Lemkul    Viveca Lindahl    Magnus Lundborg     Erik Marklund   
    Pascal Merz     Pieter Meulenhoff    Teemu Murtola       Szilard Pall   
    Sander Pronk      Roland Schulz      Michael Shirts    Alexey Shvetsov  
   Alfons Sijbers     Peter Tieleman      Jon Vincent      Teemu Virolainen 
 Christian Wennberg    Maarten Wolf      Artem Zhmurov   
                           and the project leaders:
        Mark Abraham, Berk Hess, Erik Lindahl, and David van der Spoel

Copyright (c) 1991-2000, University of Groningen, The Netherlands.
Copyright (c) 2001-2019, The GROMACS development team at
Uppsala University, Stockholm University and
the Royal Institute of Technology, Sweden.
check out http://www.gromacs.org for more information.

GROMACS is free software; you can redistribute it and/or modify it
under the terms of the GNU Lesser General Public License
as published by the Free Software Foundation; either version 2.1
of the License, or (at your option) any later version.

GROMACS:      gmx mdrun, version 2020.2-dev-20200430-5e78835-unknown
Executable:   /usr/local/gromacs//sm80/bin/gmx
Data prefix:  /usr/local/gromacs//sm80
Working dir:  /opt/notebooks/gromacs-jupyterlab
Process ID:   847
Command line:
  gmx -nobackup -nocopyright mdrun -s 1AKI_gppmd.tpr -o 1AKI_md.trr -c 1AKI_md.gro -e 1AKI_md.edr -g 1AKI_md.log -cpo 1AKI_md.cpt

GROMACS version:    2020.2-dev-20200430-5e78835-unknown
GIT SHA1 hash:      5e788350ad75c15ba91d2ba02779f1f8200f61ee
Branched from:      unknown
Precision:          single
Memory model:       64 bit
MPI library:        thread_mpi
OpenMP support:     enabled (GMX_OPENMP_MAX_THREADS = 64)
GPU support:        CUDA
SIMD instructions:  AVX2_256
FFT library:        fftw-3.3.8
RDTSCP usage:       enabled
TNG support:        enabled
Hwloc support:      disabled
Tracing support:    disabled
C compiler:         /usr/bin/gcc GNU 8.4.0
C compiler flags:   -mavx2 -mfma -Wall -Wno-unused -Wunused-value -Wunused-parameter -Wextra -Wno-missing-field-initializers -Wno-sign-compare -Wpointer-arith -Wundef -Werror=stringop-truncation -fexcess-precision=fast -funroll-all-loops -Wno-array-bounds -mtune=generic -march=x86-64 -O2 -pipe -mavx -DNDEBUG
C++ compiler:       /usr/bin/g++ GNU 8.4.0
C++ compiler flags: -mavx2 -mfma -Wall -Wextra -Wno-missing-field-initializers -Wpointer-arith -Wmissing-declarations -Wundef -Wstringop-truncation -fexcess-precision=fast -funroll-all-loops -Wno-array-bounds -fopenmp -mtune=generic -march=x86-64 -O2 -pipe -mavx -DNDEBUG
CUDA compiler:      /usr/local/cuda/bin/nvcc nvcc: NVIDIA (R) Cuda compiler driver;Copyright (c) 2005-2020 NVIDIA Corporation;Built on Wed_May__6_19:09:25_PDT_2020;Cuda compilation tools, release 11.0, V11.0.167;Build cuda_11.0_bu.TC445_37.28358933_0
CUDA compiler flags:-std=c++14;-gencode;arch=compute_80,code=sm_80;-use_fast_math;-D_FORCE_INLINES;-mavx2 -mfma -Wall -Wextra -Wno-missing-field-initializers -Wpointer-arith -Wmissing-declarations -Wundef -Wstringop-truncation -fexcess-precision=fast -funroll-all-loops -Wno-array-bounds -fopenmp -mtune=generic -march=x86-64 -O2 -pipe -mavx -DNDEBUG
CUDA driver:        11.40
CUDA runtime:       11.0


Running on 1 node with total 64 cores, 128 logical cores, 2 compatible GPUs
Hardware detected:
  CPU info:
    Vendor: AMD
    Brand:  AMD EPYC 7543 32-Core Processor                
    Family: 25   Model: 1   Stepping: 1
    Features: aes amd apic avx avx2 clfsh cmov cx8 cx16 f16c fma htt lahf misalignsse mmx msr nonstop_tsc pcid pclmuldq pdpe1gb popcnt pse rdrnd rdtscp sha sse2 sse3 sse4a sse4.1 sse4.2 ssse3
  Hardware topology: Basic
    Sockets, cores, and logical processors:
      Socket  0: [   0  64] [   1  65] [   2  66] [   3  67] [   4  68] [   5  69] [   6  70] [   7  71] [   8  72] [   9  73] [  10  74] [  11  75] [  12  76] [  13  77] [  14  78] [  15  79] [  16  80] [  17  81] [  18  82] [  19  83] [  20  84] [  21  85] [  22  86] [  23  87] [  24  88] [  25  89] [  26  90] [  27  91] [  28  92] [  29  93] [  30  94] [  31  95] [  32  96] [  33  97] [  34  98] [  35  99] [  36 100] [  37 101] [  38 102] [  39 103] [  40 104] [  41 105] [  42 106] [  43 107] [  44 108] [  45 109] [  46 110] [  47 111] [  48 112] [  49 113] [  50 114] [  51 115] [  52 116] [  53 117] [  54 118] [  55 119] [  56 120] [  57 121] [  58 122] [  59 123] [  60 124] [  61 125] [  62 126] [  63 127]
  GPU info:
    Number of GPUs detected: 2
    #0: NVIDIA NVIDIA A100-PCIE-40GB, compute cap.: 8.0, ECC:  no, stat: compatible
    #1: NVIDIA NVIDIA A100-PCIE-40GB, compute cap.: 8.0, ECC:  no, stat: compatible


++++ PLEASE READ AND CITE THE FOLLOWING REFERENCE ++++
M. J. Abraham, T. Murtola, R. Schulz, S. Páll, J. C. Smith, B. Hess, E.
Lindahl
GROMACS: High performance molecular simulations through multi-level
parallelism from laptops to supercomputers
SoftwareX 1 (2015) pp. 19-25
-------- -------- --- Thank You --- -------- --------


++++ PLEASE READ AND CITE THE FOLLOWING REFERENCE ++++
S. Páll, M. J. Abraham, C. Kutzner, B. Hess, E. Lindahl
Tackling Exascale Software Challenges in Molecular Dynamics Simulations with
GROMACS
In S. Markidis & E. Laure (Eds.), Solving Software Challenges for Exascale 8759 (2015) pp. 3-27
-------- -------- --- Thank You --- -------- --------


++++ PLEASE READ AND CITE THE FOLLOWING REFERENCE ++++
S. Pronk, S. Páll, R. Schulz, P. Larsson, P. Bjelkmar, R. Apostolov, M. R.
Shirts, J. C. Smith, P. M. Kasson, D. van der Spoel, B. Hess, and E. Lindahl
GROMACS 4.5: a high-throughput and highly parallel open source molecular
simulation toolkit
Bioinformatics 29 (2013) pp. 845-54
-------- -------- --- Thank You --- -------- --------


++++ PLEASE READ AND CITE THE FOLLOWING REFERENCE ++++
B. Hess and C. Kutzner and D. van der Spoel and E. Lindahl
GROMACS 4: Algorithms for highly efficient, load-balanced, and scalable
molecular simulation
J. Chem. Theory Comput. 4 (2008) pp. 435-447
-------- -------- --- Thank You --- -------- --------


++++ PLEASE READ AND CITE THE FOLLOWING REFERENCE ++++
D. van der Spoel, E. Lindahl, B. Hess, G. Groenhof, A. E. Mark and H. J. C.
Berendsen
GROMACS: Fast, Flexible and Free
J. Comp. Chem. 26 (2005) pp. 1701-1719
-------- -------- --- Thank You --- -------- --------


++++ PLEASE READ AND CITE THE FOLLOWING REFERENCE ++++
E. Lindahl and B. Hess and D. van der Spoel
GROMACS 3.0: A package for molecular simulation and trajectory analysis
J. Mol. Mod. 7 (2001) pp. 306-317
-------- -------- --- Thank You --- -------- --------


++++ PLEASE READ AND CITE THE FOLLOWING REFERENCE ++++
H. J. C. Berendsen, D. van der Spoel and R. van Drunen
GROMACS: A message-passing parallel molecular dynamics implementation
Comp. Phys. Comm. 91 (1995) pp. 43-56
-------- -------- --- Thank You --- -------- --------


++++ PLEASE CITE THE DOI FOR THIS VERSION OF GROMACS ++++
https://doi.org/10.5281/zenodo.3773801
-------- -------- --- Thank You --- -------- --------

Input Parameters:
   integrator                     = md
   tinit                          = 0
   dt                             = 0.002
   nsteps                         = 50000
   init-step                      = 0
   simulation-part                = 1
   comm-mode                      = Linear
   nstcomm                        = 100
   bd-fric                        = 0
   ld-seed                        = 399851615
   emtol                          = 10
   emstep                         = 0.01
   niter                          = 20
   fcstep                         = 0
   nstcgsteep                     = 1000
   nbfgscorr                      = 10
   rtpi                           = 0.05
   nstxout                        = 5000
   nstvout                        = 5000
   nstfout                        = 0
   nstlog                         = 5000
   nstcalcenergy                  = 100
   nstenergy                      = 5000
   nstxout-compressed             = 1000
   compressed-x-precision         = 1000
   cutoff-scheme                  = Verlet
   nstlist                        = 10
   pbc                            = xyz
   periodic-molecules             = false
   verlet-buffer-tolerance        = 0.005
   rlist                          = 1
   coulombtype                    = PME
   coulomb-modifier               = Potential-shift
   rcoulomb-switch                = 0
   rcoulomb                       = 1
   epsilon-r                      = 1
   epsilon-rf                     = inf
   vdw-type                       = Cut-off
   vdw-modifier                   = Potential-shift
   rvdw-switch                    = 0
   rvdw                           = 1
   DispCorr                       = EnerPres
   table-extension                = 1
   fourierspacing                 = 0.12
   fourier-nx                     = 60
   fourier-ny                     = 60
   fourier-nz                     = 60
   pme-order                      = 4
   ewald-rtol                     = 1e-05
   ewald-rtol-lj                  = 0.001
   lj-pme-comb-rule               = Geometric
   ewald-geometry                 = 0
   epsilon-surface                = 0
   tcoupl                         = V-rescale
   nsttcouple                     = 10
   nh-chain-length                = 0
   print-nose-hoover-chain-variables = false
   pcoupl                         = Parrinello-Rahman
   pcoupltype                     = Isotropic
   nstpcouple                     = 10
   tau-p                          = 1
   compressibility (3x3):
      compressibility[    0]={ 4.50000e-05,  0.00000e+00,  0.00000e+00}
      compressibility[    1]={ 0.00000e+00,  4.50000e-05,  0.00000e+00}
      compressibility[    2]={ 0.00000e+00,  0.00000e+00,  4.50000e-05}
   ref-p (3x3):
      ref-p[    0]={ 1.00000e+00,  0.00000e+00,  0.00000e+00}
      ref-p[    1]={ 0.00000e+00,  1.00000e+00,  0.00000e+00}
      ref-p[    2]={ 0.00000e+00,  0.00000e+00,  1.00000e+00}
   refcoord-scaling               = COM
   posres-com (3):
      posres-com[0]= 0.00000e+00
      posres-com[1]= 0.00000e+00
      posres-com[2]= 0.00000e+00
   posres-comB (3):
      posres-comB[0]= 0.00000e+00
      posres-comB[1]= 0.00000e+00
      posres-comB[2]= 0.00000e+00
   QMMM                           = false
   QMconstraints                  = 0
   QMMMscheme                     = 0
   MMChargeScaleFactor            = 1
qm-opts:
   ngQM                           = 0
   constraint-algorithm           = Lincs
   continuation                   = true
   Shake-SOR                      = false
   shake-tol                      = 0.0001
   lincs-order                    = 4
   lincs-iter                     = 1
   lincs-warnangle                = 30
   nwall                          = 0
   wall-type                      = 9-3
   wall-r-linpot                  = -1
   wall-atomtype[0]               = -1
   wall-atomtype[1]               = -1
   wall-density[0]                = 0
   wall-density[1]                = 0
   wall-ewald-zfac                = 3
   pull                           = false
   awh                            = false
   rotation                       = false
   interactiveMD                  = false
   disre                          = No
   disre-weighting                = Conservative
   disre-mixed                    = false
   dr-fc                          = 1000
   dr-tau                         = 0
   nstdisreout                    = 100
   orire-fc                       = 0
   orire-tau                      = 0
   nstorireout                    = 100
   free-energy                    = no
   cos-acceleration               = 0
   deform (3x3):
      deform[    0]={ 0.00000e+00,  0.00000e+00,  0.00000e+00}
      deform[    1]={ 0.00000e+00,  0.00000e+00,  0.00000e+00}
      deform[    2]={ 0.00000e+00,  0.00000e+00,  0.00000e+00}
   simulated-tempering            = false
   swapcoords                     = no
   userint1                       = 0
   userint2                       = 0
   userint3                       = 0
   userint4                       = 0
   userreal1                      = 0
   userreal2                      = 0
   userreal3                      = 0
   userreal4                      = 0
   applied-forces:
     electric-field:
       x:
         E0                       = 0
         omega                    = 0
         t0                       = 0
         sigma                    = 0
       y:
         E0                       = 0
         omega                    = 0
         t0                       = 0
         sigma                    = 0
       z:
         E0                       = 0
         omega                    = 0
         t0                       = 0
         sigma                    = 0
     density-guided-simulation:
       active                     = false
       group                      = protein
       similarity-measure         = inner-product
       atom-spreading-weight      = unity
       force-constant             = 1e+09
       gaussian-transform-spreading-width = 0.2
       gaussian-transform-spreading-range-in-multiples-of-width = 4
       reference-density-filename = reference.mrc
       nst                        = 1
       normalize-densities        = true
       adaptive-force-scaling     = false
       adaptive-force-scaling-time-constant = 4
grpopts:
   nrdf:     4920.79     63777.2
   ref-t:         300         300
   tau-t:         0.1         0.1
annealing:          No          No
annealing-npoints:           0           0
   acc:	           0           0           0
   nfreeze:           N           N           N
   energygrp-flags[  0]: 0

Changing nstlist from 10 to 100, rlist from 1 to 1.167


Initializing Domain Decomposition on 32 ranks
Dynamic load balancing: auto
Using update groups, nr 11645, average size 2.9 atoms, max. radius 0.104 nm
Minimum cell size due to atom displacement: 0.646 nm
Initial maximum distances in bonded interactions:
    two-body bonded interactions: 0.446 nm, LJ-14, atoms 1156 1405
  multi-body bonded interactions: 0.446 nm, Proper Dih., atoms 1156 1405
Minimum cell size due to bonded interactions: 0.490 nm
Scaling the initial minimum size with 1/0.8 (option -dds) = 1.25
Using 0 separate PME ranks
Optimizing the DD grid for 32 cells with a minimum initial size of 0.808 nm
The maximum allowed number of cells is: X 8 Y 8 Z 8
Domain decomposition grid 8 x 4 x 1, separate PME ranks 0
PME domain decomposition: 8 x 4 x 1
Domain decomposition rank 0, coordinates 0 0 0

The initial number of communication pulses is: X 2 Y 1
The initial domain decomposition cell size is: X 0.87 nm Y 1.74 nm

The maximum allowed distance for atom groups involved in interactions is:
                 non-bonded interactions           1.375 nm
(the following are initial values, they could change due to box deformation)
            two-body bonded interactions  (-rdd)   1.375 nm
          multi-body bonded interactions  (-rdd)   0.869 nm

When dynamic load balancing gets turned on, these settings will change to:
The maximum number of communication pulses is: X 2 Y 2
The minimum size for domain decomposition cells is 0.688 nm
The requested allowed shrink of DD cells (option -dds) is: 0.80
The allowed shrink of domain decomposition cells is: X 0.79 Y 0.40
The maximum allowed distance for atom groups involved in interactions is:
                 non-bonded interactions           1.375 nm
            two-body bonded interactions  (-rdd)   1.375 nm
          multi-body bonded interactions  (-rdd)   0.688 nm

On host 2380b42c3f45 2 GPUs selected for this run.
Mapping of GPU IDs to the 32 GPU tasks in the 32 ranks on this node:
  PP:0,PP:0,PP:0,PP:0,PP:0,PP:0,PP:0,PP:0,PP:0,PP:0,PP:0,PP:0,PP:0,PP:0,PP:0,PP:0,PP:1,PP:1,PP:1,PP:1,PP:1,PP:1,PP:1,PP:1,PP:1,PP:1,PP:1,PP:1,PP:1,PP:1,PP:1,PP:1
PP tasks will do (non-perturbed) short-ranged and most bonded interactions on the GPU
PP task will update and constrain coordinates on the CPU
Using 32 MPI threads
Using 4 OpenMP threads per tMPI thread

Pinning threads with an auto-selected logical core stride of 1
System total charge: 0.000
Will do PME sum in reciprocal space for electrostatic interactions.

++++ PLEASE READ AND CITE THE FOLLOWING REFERENCE ++++
U. Essmann, L. Perera, M. L. Berkowitz, T. Darden, H. Lee and L. G. Pedersen 
A smooth particle mesh Ewald method
J. Chem. Phys. 103 (1995) pp. 8577-8592
-------- -------- --- Thank You --- -------- --------

Using a Gaussian width (1/beta) of 0.320163 nm for Ewald
Potential shift: LJ r^-12: -1.000e+00 r^-6: -1.000e+00, Ewald -1.000e-05
Initialized non-bonded Ewald tables, spacing: 9.33e-04 size: 1073

Generated table with 1083 data points for 1-4 COUL.
Tabscale = 500 points/nm
Generated table with 1083 data points for 1-4 LJ6.
Tabscale = 500 points/nm
Generated table with 1083 data points for 1-4 LJ12.
Tabscale = 500 points/nm

Using GPU 8x8 nonbonded short-range kernels

Using a dual 8x8 pair-list setup updated with dynamic, rolling pruning:
  outer list: updated every 100 steps, buffer 0.167 nm, rlist 1.167 nm
  inner list: updated every  10 steps, buffer 0.002 nm, rlist 1.002 nm
At tolerance 0.005 kJ/mol/ps per atom, equivalent classical 1x1 list would be:
  outer list: updated every 100 steps, buffer 0.319 nm, rlist 1.319 nm
  inner list: updated every  10 steps, buffer 0.043 nm, rlist 1.043 nm

Using Lorentz-Berthelot Lennard-Jones combination rule

Long Range LJ corr.: <C6> 3.1927e-04


Initializing LINear Constraint Solver

++++ PLEASE READ AND CITE THE FOLLOWING REFERENCE ++++
B. Hess and H. Bekker and H. J. C. Berendsen and J. G. E. M. Fraaije
LINCS: A Linear Constraint Solver for molecular simulations
J. Comp. Chem. 18 (1997) pp. 1463-1472
-------- -------- --- Thank You --- -------- --------

The number of constraints is 959

++++ PLEASE READ AND CITE THE FOLLOWING REFERENCE ++++
S. Miyamoto and P. A. Kollman
SETTLE: An Analytical Version of the SHAKE and RATTLE Algorithms for Rigid
Water Models
J. Comp. Chem. 13 (1992) pp. 952-962
-------- -------- --- Thank You --- -------- --------


Linking all bonded interactions to atoms

Intra-simulation communication will occur every 10 steps.

++++ PLEASE READ AND CITE THE FOLLOWING REFERENCE ++++
G. Bussi, D. Donadio and M. Parrinello
Canonical sampling through velocity rescaling
J. Chem. Phys. 126 (2007) pp. 014101
-------- -------- --- Thank You --- -------- --------

There are: 33836 Atoms
Atom distribution over 32 domains: av 1057 stddev 36 min 1024 max 1118

NOTE: DLB will not turn on during the first phase of PME tuning
Center of mass motion removal mode is Linear
We have the following groups for center of mass motion removal:
  0:  rest

Started mdrun on rank 0 Wed Sep 22 13:22:33 2021

           Step           Time
              0        0.00000

   Energies (kJ/mol)
           Bond          Angle    Proper Dih.  Improper Dih.          LJ-14
    1.60206e+03    3.73241e+03    5.16480e+03    2.70124e+02    1.85781e+03
     Coulomb-14        LJ (SR)  Disper. corr.   Coulomb (SR)   Coul. recip.
    1.62001e+04    9.40788e+04   -4.54650e+03   -6.47051e+05    3.03121e+03
      Potential    Kinetic En.   Total Energy  Conserved En.    Temperature
   -5.25660e+05    8.52637e+04   -4.40396e+05   -4.40376e+05    2.98549e+02
 Pres. DC (bar) Pressure (bar)   Constr. rmsd
   -2.24715e+02    3.47266e+01    2.83165e-06


DD  step 99 load imb.: force  2.3%
step 2100: timed with pme grid 60 60 60, coulomb cutoff 1.000: 499.1 M-cycles
step 2300: timed with pme grid 52 52 52, coulomb cutoff 1.115: 472.1 M-cycles
step 2500: timed with pme grid 48 48 48, coulomb cutoff 1.207: 445.6 M-cycles
step 2700: timed with pme grid 44 44 44, coulomb cutoff 1.317: 439.6 M-cycles
step 2900: timed with pme grid 40 40 40, coulomb cutoff 1.449: 410.4 M-cycles
step 2900: the domain decompostion limits the PME load balancing to a coulomb cut-off of 1.449
step 3100: timed with pme grid 40 40 40, coulomb cutoff 1.449: 409.7 M-cycles
step 3300: timed with pme grid 42 42 42, coulomb cutoff 1.380: 411.4 M-cycles
step 3500: timed with pme grid 44 44 44, coulomb cutoff 1.317: 409.2 M-cycles
step 3700: timed with pme grid 48 48 48, coulomb cutoff 1.207: 410.1 M-cycles
step 3900: timed with pme grid 40 40 40, coulomb cutoff 1.449: 391.0 M-cycles
step 4100: timed with pme grid 42 42 42, coulomb cutoff 1.380: 401.1 M-cycles
step 4300: timed with pme grid 44 44 44, coulomb cutoff 1.317: 411.7 M-cycles
step 4500: timed with pme grid 48 48 48, coulomb cutoff 1.207: 391.2 M-cycles
step 4700: timed with pme grid 40 40 40, coulomb cutoff 1.449: 387.2 M-cycles
step 4900: timed with pme grid 42 42 42, coulomb cutoff 1.380: 390.1 M-cycles

DD  step 4999 load imb.: force  2.9%
           Step           Time
           5000       10.00000

   Energies (kJ/mol)
           Bond          Angle    Proper Dih.  Improper Dih.          LJ-14
    1.58015e+03    3.85390e+03    5.12302e+03    2.54608e+02    1.85798e+03
     Coulomb-14        LJ (SR)  Disper. corr.   Coulomb (SR)   Coul. recip.
    1.61188e+04    9.41302e+04   -4.55619e+03   -6.46120e+05    1.25513e+03
      Potential    Kinetic En.   Total Energy  Conserved En.    Temperature
   -5.26502e+05    8.57337e+04   -4.40768e+05   -4.40342e+05    3.00195e+02
 Pres. DC (bar) Pressure (bar)   Constr. rmsd
   -2.25672e+02    1.39787e+02    3.17753e-06

step 5100: timed with pme grid 44 44 44, coulomb cutoff 1.317: 411.4 M-cycles
step 5300: timed with pme grid 48 48 48, coulomb cutoff 1.207: 398.1 M-cycles
step 5500: timed with pme grid 40 40 40, coulomb cutoff 1.449: 396.4 M-cycles
step 5700: timed with pme grid 42 42 42, coulomb cutoff 1.380: 391.8 M-cycles
step 5900: timed with pme grid 44 44 44, coulomb cutoff 1.317: 382.5 M-cycles
step 6100: timed with pme grid 48 48 48, coulomb cutoff 1.207: 400.6 M-cycles
step 6300: timed with pme grid 40 40 40, coulomb cutoff 1.449: 382.3 M-cycles
step 6500: timed with pme grid 42 42 42, coulomb cutoff 1.380: 390.5 M-cycles
step 6700: timed with pme grid 44 44 44, coulomb cutoff 1.317: 392.2 M-cycles
step 6900: timed with pme grid 48 48 48, coulomb cutoff 1.207: 392.0 M-cycles
              optimal pme grid 40 40 40, coulomb cutoff 1.449

NOTE: DLB can now turn on, when beneficial

DD  step 9999 load imb.: force  3.8%
           Step           Time
          10000       20.00000

   Energies (kJ/mol)
           Bond          Angle    Proper Dih.  Improper Dih.          LJ-14
    1.59173e+03    4.01743e+03    5.19387e+03    2.28507e+02    1.85810e+03
     Coulomb-14        LJ (SR)  Disper. corr.   Coulomb (SR)   Coul. recip.
    1.62035e+04    9.42357e+04   -4.56766e+03   -6.46026e+05    9.15388e+02
      Potential    Kinetic En.   Total Energy  Conserved En.    Temperature
   -5.26349e+05    8.67752e+04   -4.39574e+05   -4.40296e+05    3.03842e+02
 Pres. DC (bar) Pressure (bar)   Constr. rmsd
   -2.26808e+02    1.55044e+02    3.18730e-06


DD  step 14999 load imb.: force  3.5%
           Step           Time
          15000       30.00000

   Energies (kJ/mol)
           Bond          Angle    Proper Dih.  Improper Dih.          LJ-14
    1.57721e+03    3.91732e+03    5.19181e+03    2.43032e+02    1.90332e+03
     Coulomb-14        LJ (SR)  Disper. corr.   Coulomb (SR)   Coul. recip.
    1.61775e+04    9.27977e+04   -4.55604e+03   -6.45147e+05    8.81819e+02
      Potential    Kinetic En.   Total Energy  Conserved En.    Temperature
   -5.27013e+05    8.51797e+04   -4.41834e+05   -4.40254e+05    2.98255e+02
 Pres. DC (bar) Pressure (bar)   Constr. rmsd
   -2.25658e+02   -2.25041e+02    2.62663e-06


DD  step 19999 load imb.: force  4.0%
           Step           Time
          20000       40.00000

   Energies (kJ/mol)
           Bond          Angle    Proper Dih.  Improper Dih.          LJ-14
    1.44000e+03    3.75564e+03    5.19089e+03    2.63867e+02    1.86524e+03
     Coulomb-14        LJ (SR)  Disper. corr.   Coulomb (SR)   Coul. recip.
    1.62896e+04    9.25736e+04   -4.55949e+03   -6.44509e+05    8.75109e+02
      Potential    Kinetic En.   Total Energy  Conserved En.    Temperature
   -5.26815e+05    8.54383e+04   -4.41376e+05   -4.40249e+05    2.99160e+02
 Pres. DC (bar) Pressure (bar)   Constr. rmsd
   -2.25999e+02   -1.90214e+02    2.82189e-06


DD  step 24999 load imb.: force  4.6%
           Step           Time
          25000       50.00000

   Energies (kJ/mol)
           Bond          Angle    Proper Dih.  Improper Dih.          LJ-14
    1.53662e+03    3.83753e+03    5.24150e+03    2.83559e+02    1.87106e+03
     Coulomb-14        LJ (SR)  Disper. corr.   Coulomb (SR)   Coul. recip.
    1.62848e+04    9.28947e+04   -4.53785e+03   -6.45864e+05    9.52791e+02
      Potential    Kinetic En.   Total Energy  Conserved En.    Temperature
   -5.27500e+05    8.54540e+04   -4.42046e+05   -4.40166e+05    2.99216e+02
 Pres. DC (bar) Pressure (bar)   Constr. rmsd
   -2.23861e+02   -2.25119e+02    2.69943e-06


DD  step 29999 load imb.: force  3.3%
           Step           Time
          30000       60.00000

   Energies (kJ/mol)
           Bond          Angle    Proper Dih.  Improper Dih.          LJ-14
    1.63848e+03    3.87714e+03    5.12471e+03    2.76142e+02    1.88992e+03
     Coulomb-14        LJ (SR)  Disper. corr.   Coulomb (SR)   Coul. recip.
    1.63072e+04    9.43837e+04   -4.56322e+03   -6.45578e+05    8.72622e+02
      Potential    Kinetic En.   Total Energy  Conserved En.    Temperature
   -5.25771e+05    8.61519e+04   -4.39619e+05   -4.40131e+05    3.01659e+02
 Pres. DC (bar) Pressure (bar)   Constr. rmsd
   -2.26369e+02    5.84056e+01    3.10264e-06


DD  step 34999 load imb.: force  4.2%
           Step           Time
          35000       70.00000

   Energies (kJ/mol)
           Bond          Angle    Proper Dih.  Improper Dih.          LJ-14
    1.55025e+03    3.89718e+03    5.15452e+03    2.46325e+02    1.93912e+03
     Coulomb-14        LJ (SR)  Disper. corr.   Coulomb (SR)   Coul. recip.
    1.62932e+04    9.34312e+04   -4.55225e+03   -6.44040e+05    9.03101e+02
      Potential    Kinetic En.   Total Energy  Conserved En.    Temperature
   -5.25177e+05    8.62788e+04   -4.38898e+05   -4.40113e+05    3.02103e+02
 Pres. DC (bar) Pressure (bar)   Constr. rmsd
   -2.25283e+02    8.11918e+01    2.80950e-06


DD  step 39999 load imb.: force  2.9%
           Step           Time
          40000       80.00000

   Energies (kJ/mol)
           Bond          Angle    Proper Dih.  Improper Dih.          LJ-14
    1.49906e+03    4.00341e+03    5.19413e+03    2.95812e+02    1.85196e+03
     Coulomb-14        LJ (SR)  Disper. corr.   Coulomb (SR)   Coul. recip.
    1.61067e+04    9.37159e+04   -4.55856e+03   -6.45546e+05    8.66432e+02
      Potential    Kinetic En.   Total Energy  Conserved En.    Temperature
   -5.26571e+05    8.57447e+04   -4.40826e+05   -4.40078e+05    3.00233e+02
 Pres. DC (bar) Pressure (bar)   Constr. rmsd
   -2.25907e+02    7.24440e+01    2.65832e-06


DD  step 44999 load imb.: force  4.1%
           Step           Time
          45000       90.00000

   Energies (kJ/mol)
           Bond          Angle    Proper Dih.  Improper Dih.          LJ-14
    1.53278e+03    3.92269e+03    5.05729e+03    2.57728e+02    1.83766e+03
     Coulomb-14        LJ (SR)  Disper. corr.   Coulomb (SR)   Coul. recip.
    1.63083e+04    9.35412e+04   -4.54855e+03   -6.44801e+05    9.83444e+02
      Potential    Kinetic En.   Total Energy  Conserved En.    Temperature
   -5.25908e+05    8.51717e+04   -4.40737e+05   -4.40060e+05    2.98227e+02
 Pres. DC (bar) Pressure (bar)   Constr. rmsd
   -2.24917e+02   -1.16863e+02    2.83739e-06


DD  step 49999 load imb.: force  3.1%
           Step           Time
          50000      100.00000

Writing checkpoint, step 50000 at Wed Sep 22 13:23:49 2021


   Energies (kJ/mol)
           Bond          Angle    Proper Dih.  Improper Dih.          LJ-14
    1.55949e+03    3.83450e+03    5.13522e+03    2.71459e+02    1.85268e+03
     Coulomb-14        LJ (SR)  Disper. corr.   Coulomb (SR)   Coul. recip.
    1.62217e+04    9.34239e+04   -4.53930e+03   -6.44525e+05    8.96599e+02
      Potential    Kinetic En.   Total Energy  Conserved En.    Temperature
   -5.25869e+05    8.51444e+04   -4.40724e+05   -4.40024e+05    2.98131e+02
 Pres. DC (bar) Pressure (bar)   Constr. rmsd
   -2.24005e+02   -1.10474e+02    2.78871e-06


	<======  ###############  ==>
	<====  A V E R A G E S  ====>
	<==  ###############  ======>

	Statistics over 50001 steps using 501 frames

   Energies (kJ/mol)
           Bond          Angle    Proper Dih.  Improper Dih.          LJ-14
    1.57763e+03    3.87321e+03    5.15519e+03    2.68608e+02    1.87721e+03
     Coulomb-14        LJ (SR)  Disper. corr.   Coulomb (SR)   Coul. recip.
    1.62023e+04    9.35199e+04   -4.55631e+03   -6.45263e+05    1.02157e+03
      Potential    Kinetic En.   Total Energy  Conserved En.    Temperature
   -5.26324e+05    8.56691e+04   -4.40655e+05   -4.40187e+05    2.99969e+02
 Pres. DC (bar) Pressure (bar)   Constr. rmsd
   -2.25685e+02    3.34730e+00    0.00000e+00

          Box-X          Box-Y          Box-Z
    6.94959e+00    6.94959e+00    6.94959e+00

   Total Virial (kJ/mol)
    2.85508e+04   -1.11400e+02    7.21674e+01
   -1.10949e+02    2.84280e+04    4.42360e+01
    7.18350e+01    4.38555e+01    2.85937e+04

   Pressure (bar)
    3.35875e+00    1.04739e+01   -7.96798e+00
    1.04293e+01    1.06315e+01   -5.18352e+00
   -7.93516e+00   -5.14583e+00   -3.94839e+00

      T-Protein  T-non-Protein
    2.99769e+02    2.99984e+02


       P P   -   P M E   L O A D   B A L A N C I N G

 NOTE: The PP/PME load balancing was limited by the domain decompostion,
       you might not have reached a good load balance.
       Try different mdrun -dd settings or lower the -dds value.

 PP/PME load balancing changed the cut-off and PME settings:
           particle-particle                    PME
            rcoulomb  rlist            grid      spacing   1/beta
   initial  1.000 nm  1.002 nm      60  60  60   0.116 nm  0.320 nm
   final    1.449 nm  1.451 nm      40  40  40   0.174 nm  0.464 nm
 cost-ratio           3.04             0.30
 (note that these numbers concern only part of the total PP and PME load)


	M E G A - F L O P S   A C C O U N T I N G

 NB=Group-cutoff nonbonded kernels    NxN=N-by-N cluster Verlet kernels
 RF=Reaction-Field  VdW=Van der Waals  QSTab=quadratic-spline table
 W3=SPC/TIP3p  W4=TIP4p (single or pairs)
 V&F=Potential and force  V=Potential only  F=Force only

 Computing:                               M-Number         M-Flops  % Flops
-----------------------------------------------------------------------------
 Pair Search distance check            2253.043904       20277.395     0.0
 NxN Ewald Elec. + LJ [F]           3483951.939072   229940827.979    97.5
 NxN Ewald Elec. + LJ [V&F]           35264.363584     3773286.903     1.6
 Calc Weights                          5075.501508      182718.054     0.1
 Spread Q Bspline                    108277.365504      216554.731     0.1
 Gather F Bspline                    108277.365504      649664.193     0.3
 3D-FFT                              117764.969020      942119.752     0.4
 Solve PME                              343.337600       21973.606     0.0
 Reset In Box                            16.918000          50.754     0.0
 CG-CoM                                  16.951836          50.856     0.0
 Virial                                 176.415276        3175.475     0.0
 Stop-CM                                 16.951836         169.518     0.0
 Calc-Ekin                              338.427672        9137.547     0.0
 Lincs                                   47.950959        2877.058     0.0
 Lincs-Mat                              238.804776         955.219     0.0
 Constraint-V                          1688.333766       13506.670     0.0
 Constraint-Vir                         164.067807        3937.627     0.0
 Settle                                 530.810616      171451.829     0.1
-----------------------------------------------------------------------------
 Total                                               235952735.167   100.0
-----------------------------------------------------------------------------


    D O M A I N   D E C O M P O S I T I O N   S T A T I S T I C S

 av. #atoms communicated per step for force:  2 x 126207.7


Dynamic load balancing report:
 DLB was off during the run due to low measured imbalance.
 Average load imbalance: 3.4%.
 The balanceable part of the MD step is 38%, load imbalance is computed from this.
 Part of the total run time spent waiting due to load imbalance: 1.3%.


     R E A L   C Y C L E   A N D   T I M E   A C C O U N T I N G

On 32 MPI ranks, each using 4 OpenMP threads

 Computing:          Num   Num      Call    Wall time         Giga-Cycles
                     Ranks Threads  Count      (s)         total sum    %
-----------------------------------------------------------------------------
 Domain decomp.        32    4        500       0.669        239.363   0.9
 DD comm. load         32    4         12       0.000          0.089   0.0
 Neighbor search       32    4        501       1.749        625.621   2.3
 Launch GPU ops.       32    4     100002      21.794       7796.516  28.8
 Comm. coord.          32    4      49500       9.127       3265.064  12.1
 Force                 32    4      50001       0.561        200.731   0.7
 Wait + Comm. F        32    4      50001       4.028       1440.868   5.3
 PME mesh              32    4      50001      32.082      11476.709  42.4
 Wait Bonded GPU       32    4        501       0.001          0.216   0.0
 Wait GPU NB nonloc.   32    4      50001       1.130        404.300   1.5
 Wait GPU NB local     32    4      50001       0.725        259.261   1.0
 NB X/F buffer ops.    32    4     199002       0.767        274.513   1.0
 Write traj.           32    4         51       0.025          8.855   0.0
 Update                32    4      50001       0.143         51.276   0.2
 Constraints           32    4      50001       0.360        128.783   0.5
 Comm. energies        32    4       5001       0.883        315.793   1.2
 Rest                                           1.535        549.226   2.0
-----------------------------------------------------------------------------
 Total                                         75.580      27037.182 100.0
-----------------------------------------------------------------------------
 Breakdown of PME mesh computation
-----------------------------------------------------------------------------
 PME redist. X/F       32    4     100002      15.262       5459.646  20.2
 PME spread            32    4      50001       2.912       1041.598   3.9
 PME gather            32    4      50001       2.303        823.725   3.0
 PME 3D-FFT            32    4     100002       3.041       1088.004   4.0
 PME 3D-FFT Comm.      32    4     200004       8.420       3012.158  11.1
 PME solve Elec        32    4      50001       0.092         32.824   0.1
-----------------------------------------------------------------------------

               Core t (s)   Wall t (s)        (%)
       Time:     9674.215       75.580    12800.0
                 (ns/day)    (hour/ns)
Performance:      114.318        0.210
Finished mdrun on rank 0 Wed Sep 22 13:23:49 2021

